<?xml version="1.0" encoding="UTF-8"?>
<testng-results ignored="0" total="1" passed="1" failed="0" skipped="0">
  <reporter-output>
  </reporter-output>
  <suite started-at="2023-05-28T15:53:02 IST" name="Suite" finished-at="2023-05-28T15:53:06 IST" duration-ms="4416">
    <groups>
    </groups>
    <test started-at="2023-05-28T15:53:02 IST" name="Test" finished-at="2023-05-28T15:53:06 IST" duration-ms="4416">
      <class name="TestCase_pkg.Post_Testcase">
        <test-method signature="post_Executor()[pri:0, instance:TestCase_pkg.Post_Testcase@609db546]" started-at="2023-05-28T15:53:02 IST" name="post_Executor" finished-at="2023-05-28T15:53:06 IST" duration-ms="4324" status="PASS">
          <reporter-output>
          </reporter-output>
        </test-method> <!-- post_Executor -->
      </class> <!-- TestCase_pkg.Post_Testcase -->
    </test> <!-- Test -->
  </suite> <!-- Suite -->
</testng-results>
